【登录信息】
*1249f0036feb486b136ed9b8047906ed*
`登陆天数: 10天 / 1192天
等级: 129
石头: 45
呼符: 12
体力: 8475.886666666667 / 138
友情点: 0 / 912260`
*連続ログイン3日目
※ログインが途切れるか、7日到達すると
1日目から再開されます*
`叡智の業火 X 1
2月交換券(2023) X 1
`*FGO カルデア放送局 Vol.19 第2部 第7章 ナウイ･ミクトラン(後編) 開幕直前SP 放送記念 初回ログインボーナス*
*開催期間中、初回ログインで「聖晶石×14」をプレゼント！*
`聖晶石 X 14
`_2023-01-31 19:37:55_
--------
*edb9c6f01c171ea5ae134aa12d00b61e*
`登陆天数: 10天 / 316天
等级: 128
石头: 100
呼符: 20
体力: 8473.596666666666 / 137
友情点: 20 / 195750`
*連続ログイン3日目
※ログインが途切れるか、7日到達すると
1日目から再開されます*
`叡智の業火 X 1
2月交換券(2023) X 1
`*FGO カルデア放送局 Vol.19 第2部 第7章 ナウイ･ミクトラン(後編) 開幕直前SP 放送記念 初回ログインボーナス*
*開催期間中、初回ログインで「聖晶石×14」をプレゼント！*
`聖晶石 X 14
`_2023-01-31 19:38:04_
--------
