【登录信息】
*1249f0036feb486b136ed9b8047906ed*
`登陆天数: 11天 / 1193天
等级: 129
石头: 45
呼符: 12
体力: 8763.896666666667 / 138
友情点: 0 / 912260`
*連続ログイン4日目
※ログインが途切れるか、7日到達すると
1日目から再開されます*
`聖晶石 X 1
2月交換券(2023) X 1
`*「FGO ウィンターパーティー 2022-2023」宮城会場開催直前 ログインボーナス*
*開催期間中、1日1回 最大3回 ログインボーナスをプレゼント！*
`黄金の果実 X 1
`_2023-02-01 19:37:58_
--------
*edb9c6f01c171ea5ae134aa12d00b61e*
`登陆天数: 11天 / 317天
等级: 128
石头: 100
呼符: 20
体力: 8761.606666666667 / 137
友情点: 0 / 195750`
*連続ログイン4日目
※ログインが途切れるか、7日到達すると
1日目から再開されます*
`聖晶石 X 1
2月交換券(2023) X 1
`*「FGO ウィンターパーティー 2022-2023」宮城会場開催直前 ログインボーナス*
*開催期間中、1日1回 最大3回 ログインボーナスをプレゼント！*
`黄金の果実 X 1
`_2023-02-01 19:38:06_
--------
