【登录信息】
*1249f0036feb486b136ed9b8047906ed*
`登陆天数: 14天 / 1196天
等级: 129
石头: 45
呼符: 12
体力: 9627.94 / 138
友情点: 0 / 912260`
*連続ログイン7日間到達おめでとうございます！
明日は1日目からリスタートされます。*
`獣の足跡 X 1
呼符 X 1
2月交換券(2023) X 1
`*「FGO ウィンターパーティー 2022-2023」宮城会場開催記念 初回ログインボーナス*
*開催期間中、初回ログインで「聖晶石×10」をプレゼント！*
`聖晶石 X 10
`_2023-02-04 19:38:12_
--------
*edb9c6f01c171ea5ae134aa12d00b61e*
`登陆天数: 14天 / 320天
等级: 128
石头: 100
呼符: 20
体力: 9625.65 / 137
友情点: 0 / 195750`
*連続ログイン7日間到達おめでとうございます！
明日は1日目からリスタートされます。*
`獣の足跡 X 1
呼符 X 1
2月交換券(2023) X 1
`*「FGO ウィンターパーティー 2022-2023」宮城会場開催記念 初回ログインボーナス*
*開催期間中、初回ログインで「聖晶石×10」をプレゼント！*
`聖晶石 X 10
`_2023-02-04 19:38:20_
--------
