【登录信息】
*1249f0036feb486b136ed9b8047906ed*
`登陆天数: 23天 / 1205天
等级: 129
石头: 45
呼符: 12
体力: 12219.93 / 138
友情点: 0 / 912260`
*連続ログイン2日目
※ログインが途切れるか、7日到達すると
1日目から再開されます*
`聖晶石 X 1
2月交換券(2023) X 1
`*2700万DL突破記念 特別連続ログインボーナス*
*開催期間中、1日1回 最大7回 連続ログインボーナスをプレゼント！*
`白銀の果実 X 10
`_2023-02-13 19:38:09_
--------
*edb9c6f01c171ea5ae134aa12d00b61e*
`登陆天数: 23天 / 329天
等级: 128
石头: 100
呼符: 20
体力: 12217.64 / 137
友情点: 0 / 195770`
*連続ログイン2日目
※ログインが途切れるか、7日到達すると
1日目から再開されます*
`聖晶石 X 1
2月交換券(2023) X 1
`*2700万DL突破記念 特別連続ログインボーナス*
*開催期間中、1日1回 最大7回 連続ログインボーナスをプレゼント！*
`白銀の果実 X 10
`_2023-02-13 19:38:17_
--------
