【登录信息】
*1249f0036feb486b136ed9b8047906ed*
`登陆天数: 25天 / 1207天
等级: 129
石头: 45
呼符: 12
体力: 12795.9 / 138
友情点: 0 / 912260`
*連続ログイン4日目
※ログインが途切れるか、7日到達すると
1日目から再開されます*
`聖晶石 X 1
2月交換券(2023) X 1
`*2700万DL突破記念 特別連続ログインボーナス*
*開催期間中、1日1回 最大7回 連続ログインボーナスをプレゼント！*
`QP X 10000000
`_2023-02-15 19:38:00_
--------
*edb9c6f01c171ea5ae134aa12d00b61e*
`登陆天数: 25天 / 331天
等级: 128
石头: 100
呼符: 20
体力: 12793.61 / 137
友情点: 10 / 195780`
*連続ログイン4日目
※ログインが途切れるか、7日到達すると
1日目から再開されます*
`聖晶石 X 1
2月交換券(2023) X 1
`*2700万DL突破記念 特別連続ログインボーナス*
*開催期間中、1日1回 最大7回 連続ログインボーナスをプレゼント！*
`QP X 10000000
`_2023-02-15 19:38:08_
--------
