【登录信息】
*1249f0036feb486b136ed9b8047906ed*
`登陆天数: 26天 / 1208天
等级: 129
石头: 45
呼符: 12
体力: 13083.91 / 138
友情点: 0 / 912260`
*連続ログイン5日目
※ログインが途切れるか、7日到達すると
1日目から再開されます*
`叡智の業火 X 2
2月交換券(2023) X 1
`*2700万DL突破記念 特別連続ログインボーナス*
*開催期間中、1日1回 最大7回 連続ログインボーナスをプレゼント！*
`叡智の業火 X 10
`_2023-02-16 19:38:03_
--------
*edb9c6f01c171ea5ae134aa12d00b61e*
`登陆天数: 26天 / 332天
等级: 128
石头: 100
呼符: 20
体力: 13081.623333333333 / 137
友情点: 0 / 195780`
*連続ログイン5日目
※ログインが途切れるか、7日到達すると
1日目から再開されます*
`叡智の業火 X 2
2月交換券(2023) X 1
`*2700万DL突破記念 特別連続ログインボーナス*
*開催期間中、1日1回 最大7回 連続ログインボーナスをプレゼント！*
`叡智の業火 X 10
`_2023-02-16 19:38:11_
--------
