【登录信息】
*1249f0036feb486b136ed9b8047906ed*
`登陆天数: 28天 / 1210天
等级: 129
石头: 45
呼符: 12
体力: 13659.93 / 138
友情点: 0 / 912260`
*連続ログイン7日間到達おめでとうございます！
明日は1日目からリスタートされます。*
`獣の足跡 X 1
呼符 X 1
2月交換券(2023) X 1
`*2700万DL突破記念 特別連続ログインボーナス*
*開催期間中、1日1回 最大7回 連続ログインボーナスをプレゼント！*
`英霊結晶・太陽のフォウくん X 10
`_2023-02-18 19:38:08_
--------
*edb9c6f01c171ea5ae134aa12d00b61e*
`登陆天数: 28天 / 334天
等级: 128
石头: 100
呼符: 20
体力: 13657.64 / 137
友情点: 0 / 195780`
*連続ログイン7日間到達おめでとうございます！
明日は1日目からリスタートされます。*
`獣の足跡 X 1
呼符 X 1
2月交換券(2023) X 1
`*2700万DL突破記念 特別連続ログインボーナス*
*開催期間中、1日1回 最大7回 連続ログインボーナスをプレゼント！*
`英霊結晶・太陽のフォウくん X 10
`_2023-02-18 19:38:16_
--------
