【登录信息】
*1249f0036feb486b136ed9b8047906ed*
`登陆天数: 151天 / 1065天
等级: 129
石头: 34
呼符: 2
体力: 177.32666666666665 / 138
友情点: 0 / 807970`
_2022-09-25 04:45:07_
--------
*edb9c6f01c171ea5ae134aa12d00b61e*
`登陆天数: 1天 / 189天
等级: 128
石头: 12
呼符: 0
体力: 1072.67 / 137
友情点: 0 / 90625`
*連続ログイン1日目
※ログインが途切れるか、7日到達すると
1日目から再開されます*
`フレンドポイント X 2000
9月交換券(2022) X 1
`_2022-09-25 04:45:15_
--------
*edb9c6f01c171ea5ae134aa12d00b61e*
`登陆天数: 1天 / 179天
等级: 131
石头: 56
呼符: 2
体力: 1393.02 / 138
友情点: 0 / 297290`
*連続ログイン1日目
※ログインが途切れるか、7日到達すると
1日目から再開されます*
`フレンドポイント X 2000
9月交換券(2022) X 1
`_2022-09-25 04:45:23_
--------
