【登录信息】
*1249f0036feb486b136ed9b8047906ed*
`登陆天数: 152天 / 1066天
等级: 129
石头: 35
呼符: 2
体力: 68.39 / 138
友情点: 35 / 808065`
*連続ログイン5日目
※ログインが途切れるか、7日到達すると
1日目から再開されます*
`叡智の業火 X 2
9月交換券(2022) X 1
`_2022-09-25 19:40:48_
--------
*edb9c6f01c171ea5ae134aa12d00b61e*
`登陆天数: 2天 / 190天
等级: 128
石头: 12
呼符: 0
体力: 1251.8066666666666 / 137
友情点: 0 / 90625`
*連続ログイン2日目
※ログインが途切れるか、7日到達すると
1日目から再開されます*
`聖晶石 X 1
9月交換券(2022) X 1
`_2022-09-25 19:40:56_
--------
*edb9c6f01c171ea5ae134aa12d00b61e*
`登陆天数: 2天 / 180天
等级: 131
石头: 56
呼符: 2
体力: 1572.1566666666668 / 138
友情点: 0 / 297290`
*連続ログイン2日目
※ログインが途切れるか、7日到達すると
1日目から再開されます*
`聖晶石 X 1
9月交換券(2022) X 1
`_2022-09-25 19:41:05_
--------
