【登录信息】
*1249f0036feb486b136ed9b8047906ed*
`登陆天数: 153天 / 1067天
等级: 129
石头: 35
呼符: 2
体力: 128.94666666666666 / 138
友情点: 35 / 808185`
*連続ログイン6日目
※ログインが途切れるか、7日到達すると
1日目から再開されます*
`聖晶石 X 2
9月交換券(2022) X 1
`_2022-09-26 19:42:19_
--------
*edb9c6f01c171ea5ae134aa12d00b61e*
`登陆天数: 3天 / 191天
等级: 128
石头: 12
呼符: 0
体力: 1540.1066666666666 / 137
友情点: 0 / 90625`
*連続ログイン3日目
※ログインが途切れるか、7日到達すると
1日目から再開されます*
`叡智の業火 X 1
9月交換券(2022) X 1
`_2022-09-26 19:42:27_
--------
*edb9c6f01c171ea5ae134aa12d00b61e*
`登陆天数: 3天 / 181天
等级: 131
石头: 56
呼符: 2
体力: 1860.4566666666667 / 138
友情点: 0 / 297290`
*連続ログイン3日目
※ログインが途切れるか、7日到達すると
1日目から再開されます*
`叡智の業火 X 1
9月交換券(2022) X 1
`_2022-09-26 19:42:35_
--------
