【登录信息】
*1249f0036feb486b136ed9b8047906ed*
`登陆天数: 154天 / 1068天
等级: 129
石头: 35
呼符: 2
体力: 417.4866666666667 / 138
友情点: 175 / 808360`
*連続ログイン7日間到達おめでとうございます！
明日は1日目からリスタートされます。*
`獣の足跡 X 1
呼符 X 1
9月交換券(2022) X 1
`_2022-09-27 19:45:01_
--------
*edb9c6f01c171ea5ae134aa12d00b61e*
`登陆天数: 4天 / 192天
等级: 128
石头: 12
呼符: 0
体力: 1828.6466666666668 / 137
友情点: 0 / 90625`
*連続ログイン4日目
※ログインが途切れるか、7日到達すると
1日目から再開されます*
`聖晶石 X 1
9月交換券(2022) X 1
`_2022-09-27 19:45:09_
--------
*edb9c6f01c171ea5ae134aa12d00b61e*
`登陆天数: 4天 / 182天
等级: 131
石头: 56
呼符: 2
体力: 2149.0 / 138
友情点: 0 / 297290`
*連続ログイン4日目
※ログインが途切れるか、7日到達すると
1日目から再開されます*
`聖晶石 X 1
9月交換券(2022) X 1
`_2022-09-27 19:45:17_
--------
