【登录信息】
*1249f0036feb486b136ed9b8047906ed*
`登陆天数: 155天 / 1069天
等级: 129
石头: 35
呼符: 2
体力: 705.34 / 138
友情点: 25 / 808385`
*連続ログイン1日目
※ログインが途切れるか、7日到達すると
1日目から再開されます*
`フレンドポイント X 2000
9月交換券(2022) X 1
`*Road to 7 [Lostbelt No.5 アトランティス]開催！*
*Road to 7 [Lostbelt No.5 アトランティス]開催！*
``_2022-09-28 19:44:16_
--------
*edb9c6f01c171ea5ae134aa12d00b61e*
`登陆天数: 5天 / 193天
等级: 128
石头: 12
呼符: 0
体力: 2116.496666666667 / 137
友情点: 0 / 90625`
*連続ログイン5日目
※ログインが途切れるか、7日到達すると
1日目から再開されます*
`叡智の業火 X 2
9月交換券(2022) X 1
`*Road to 7 [Lostbelt No.5 アトランティス]開催！*
*Road to 7 [Lostbelt No.5 アトランティス]開催！*
``_2022-09-28 19:44:24_
--------
*edb9c6f01c171ea5ae134aa12d00b61e*
`登陆天数: 5天 / 183天
等级: 131
石头: 56
呼符: 2
体力: 2436.85 / 138
友情点: 10 / 297300`
*連続ログイン5日目
※ログインが途切れるか、7日到達すると
1日目から再開されます*
`叡智の業火 X 2
9月交換券(2022) X 1
`*Road to 7 [Lostbelt No.5 アトランティス]開催！*
*Road to 7 [Lostbelt No.5 アトランティス]開催！*
``_2022-09-28 19:44:32_
--------
