【登录信息】
*1249f0036feb486b136ed9b8047906ed*
`登陆天数: 156天 / 1070天
等级: 129
石头: 35
呼符: 2
体力: 993.29 / 138
友情点: 50 / 808435`
*連続ログイン2日目
※ログインが途切れるか、7日到達すると
1日目から再開されます*
`聖晶石 X 1
9月交換券(2022) X 1
`_2022-09-29 19:44:01_
--------
*edb9c6f01c171ea5ae134aa12d00b61e*
`登陆天数: 6天 / 194天
等级: 128
石头: 12
呼符: 0
体力: 2404.45 / 137
友情点: 0 / 90625`
*連続ログイン6日目
※ログインが途切れるか、7日到達すると
1日目から再開されます*
`聖晶石 X 2
9月交換券(2022) X 1
`_2022-09-29 19:44:10_
--------
*edb9c6f01c171ea5ae134aa12d00b61e*
`登陆天数: 6天 / 184天
等级: 131
石头: 56
呼符: 2
体力: 2724.8 / 138
友情点: 0 / 297300`
*連続ログイン6日目
※ログインが途切れるか、7日到達すると
1日目から再開されます*
`聖晶石 X 2
9月交換券(2022) X 1
`_2022-09-29 19:44:18_
--------
