【登录信息】
*1249f0036feb486b136ed9b8047906ed*
`登陆天数: 188天 / 1102天
等级: 129
石头: 0
呼符: 0
体力: 4693.886666666666 / 138
友情点: 0 / 815990`
*連続ログイン6日目
※ログインが途切れるか、7日到達すると
1日目から再開されます*
`聖晶石 X 2
11月交換券(2022) X 1
`*特異点修復応援キャンペーン 特別回数ログインボーナス*
*開催期間中、1日1回 最大7回 ログインボーナスをプレゼント！*
`叡智の業火 X 5
`_2022-10-31 19:41:55_
--------
*edb9c6f01c171ea5ae134aa12d00b61e*
`登陆天数: 38天 / 226天
等级: 128
石头: 12
呼符: 0
体力: 11620.03 / 137
友情点: 0 / 90685`
*連続ログイン3日目
※ログインが途切れるか、7日到達すると
1日目から再開されます*
`叡智の業火 X 1
11月交換券(2022) X 1
`*特異点修復応援キャンペーン 特別回数ログインボーナス*
*開催期間中、1日1回 最大7回 ログインボーナスをプレゼント！*
`叡智の業火 X 5
`_2022-10-31 19:42:04_
--------
