【登录信息】
*1249f0036feb486b136ed9b8047906ed*
`登陆天数: 189天 / 1103天
等级: 129
石头: 0
呼符: 0
体力: 4981.59 / 138
友情点: 25 / 816015`
*連続ログイン7日間到達おめでとうございます！
明日は1日目からリスタートされます。*
`獣の足跡 X 1
呼符 X 1
11月交換券(2022) X 1
`*特異点修復応援キャンペーン 特別回数ログインボーナス*
*開催期間中、1日1回 最大7回 ログインボーナスをプレゼント！*
`フレンドポイント X 2000
`_2022-11-01 19:40:26_
--------
*edb9c6f01c171ea5ae134aa12d00b61e*
`登陆天数: 39天 / 227天
等级: 128
石头: 12
呼符: 0
体力: 11907.733333333334 / 137
友情点: 0 / 90685`
*連続ログイン4日目
※ログインが途切れるか、7日到達すると
1日目から再開されます*
`聖晶石 X 1
11月交換券(2022) X 1
`*特異点修復応援キャンペーン 特別回数ログインボーナス*
*開催期間中、1日1回 最大7回 ログインボーナスをプレゼント！*
`フレンドポイント X 2000
`_2022-11-01 19:40:35_
--------
