【登录信息】
*1249f0036feb486b136ed9b8047906ed*
`登陆天数: 190天 / 1104天
等级: 129
石头: 0
呼符: 0
体力: 5269.28 / 138
友情点: 0 / 816015`
*連続ログイン1日目
※ログインが途切れるか、7日到達すると
1日目から再開されます*
`フレンドポイント X 2000
11月交換券(2022) X 1
`*特異点修復応援キャンペーン 特別回数ログインボーナス*
*開催期間中、1日1回 最大7回 ログインボーナスをプレゼント！*
`聖晶石 X 3
`_2022-11-02 19:38:53_
--------
*edb9c6f01c171ea5ae134aa12d00b61e*
`登陆天数: 40天 / 228天
等级: 128
石头: 12
呼符: 0
体力: 12195.423333333334 / 137
友情点: 20 / 90705`
*連続ログイン5日目
※ログインが途切れるか、7日到達すると
1日目から再開されます*
`叡智の業火 X 2
11月交換券(2022) X 1
`*特異点修復応援キャンペーン 特別回数ログインボーナス*
*開催期間中、1日1回 最大7回 ログインボーナスをプレゼント！*
`聖晶石 X 3
`_2022-11-02 19:39:01_
--------
