【登录信息】
*1249f0036feb486b136ed9b8047906ed*
`登陆天数: 193天 / 1107天
等级: 129
石头: 0
呼符: 0
体力: 6133.3133333333335 / 138
友情点: 0 / 816015`
*連続ログイン4日目
※ログインが途切れるか、7日到達すると
1日目から再開されます*
`聖晶石 X 1
11月交換券(2022) X 1
`*カルデア妖精騎士杯　開幕直前特別ログインボーナス*
*開催期間中、1日1回 最大7回 ログインボーナスをプレゼント！*
`黄金の果実 X 1
`_2022-11-05 19:39:03_
--------
*edb9c6f01c171ea5ae134aa12d00b61e*
`登陆天数: 43天 / 231天
等级: 128
石头: 12
呼符: 0
体力: 13059.456666666667 / 137
友情点: 0 / 90755`
*連続ログイン1日目
※ログインが途切れるか、7日到達すると
1日目から再開されます*
`フレンドポイント X 2000
11月交換券(2022) X 1
`*カルデア妖精騎士杯　開幕直前特別ログインボーナス*
*開催期間中、1日1回 最大7回 ログインボーナスをプレゼント！*
`黄金の果実 X 1
`_2022-11-05 19:39:12_
--------
