【登录信息】
*1249f0036feb486b136ed9b8047906ed*
`登陆天数: 194天 / 1108天
等级: 129
石头: 0
呼符: 0
体力: 6421.33 / 138
友情点: 0 / 816015`
*連続ログイン5日目
※ログインが途切れるか、7日到達すると
1日目から再開されます*
`叡智の業火 X 2
11月交換券(2022) X 1
`*カルデア妖精騎士杯　開幕直前特別ログインボーナス*
*開催期間中、1日1回 最大7回 ログインボーナスをプレゼント！*
`黄金の果実 X 1
`_2022-11-06 19:39:08_
--------
*edb9c6f01c171ea5ae134aa12d00b61e*
`登陆天数: 44天 / 232天
等级: 128
石头: 12
呼符: 0
体力: 13347.473333333333 / 137
友情点: 0 / 90755`
*連続ログイン2日目
※ログインが途切れるか、7日到達すると
1日目から再開されます*
`聖晶石 X 1
11月交換券(2022) X 1
`*カルデア妖精騎士杯　開幕直前特別ログインボーナス*
*開催期間中、1日1回 最大7回 ログインボーナスをプレゼント！*
`黄金の果実 X 1
`_2022-11-06 19:39:16_
--------
