【登录信息】
*1249f0036feb486b136ed9b8047906ed*
`登陆天数: 197天 / 1111天
等级: 129
石头: 0
呼符: 0
体力: 7285.303333333333 / 138
友情点: 100 / 816115`
*連続ログイン1日目
※ログインが途切れるか、7日到達すると
1日目から再開されます*
`フレンドポイント X 2000
11月交換券(2022) X 1
`*FGO カルデア放送局 ライト版 ～カルデア妖精騎士杯～ 放送記念 初回ログインボーナス*
*開催期間中、初回ログインで「聖晶石×14」をプレゼント！*
`聖晶石 X 14
`_2022-11-09 19:39:01_
--------
*edb9c6f01c171ea5ae134aa12d00b61e*
`登陆天数: 47天 / 235天
等级: 128
石头: 12
呼符: 0
体力: 14211.446666666667 / 137
友情点: 30 / 90805`
*連続ログイン5日目
※ログインが途切れるか、7日到達すると
1日目から再開されます*
`叡智の業火 X 2
11月交換券(2022) X 1
`*FGO カルデア放送局 ライト版 ～カルデア妖精騎士杯～ 放送記念 初回ログインボーナス*
*開催期間中、初回ログインで「聖晶石×14」をプレゼント！*
`聖晶石 X 14
`_2022-11-09 19:39:09_
--------
