【登录信息】
*1249f0036feb486b136ed9b8047906ed*
`登陆天数: 157天 / 1071天
等级: 129
石头: 35
呼符: 2
体力: 1281.34 / 138
友情点: 285 / 808720`
*連続ログイン3日目
※ログインが途切れるか、7日到達すると
1日目から再開されます*
`叡智の業火 X 1
10月交換券(2022) X 1
`_2022-09-30 19:44:16_
--------
*edb9c6f01c171ea5ae134aa12d00b61e*
`登陆天数: 7天 / 195天
等级: 128
石头: 12
呼符: 0
体力: 2692.5 / 137
友情点: 20 / 90645`
*連続ログイン7日間到達おめでとうございます！
明日は1日目からリスタートされます。*
`獣の足跡 X 1
呼符 X 1
10月交換券(2022) X 1
`_2022-09-30 19:44:24_
--------
*edb9c6f01c171ea5ae134aa12d00b61e*
`登陆天数: 7天 / 185天
等级: 131
石头: 56
呼符: 2
体力: 3012.85 / 138
友情点: 20 / 297320`
*連続ログイン7日間到達おめでとうございます！
明日は1日目からリスタートされます。*
`獣の足跡 X 1
呼符 X 1
10月交換券(2022) X 1
`_2022-09-30 19:44:32_
--------
