【登录信息】
*1249f0036feb486b136ed9b8047906ed*
`登陆天数: 158天 / 1072天
等级: 129
石头: 35
呼符: 2
体力: 1569.0266666666666 / 138
友情点: 325 / 809045`
*連続ログイン4日目
※ログインが途切れるか、7日到達すると
1日目から再開されます*
`聖晶石 X 1
10月交換券(2022) X 1
`_2022-10-01 19:42:42_
--------
*edb9c6f01c171ea5ae134aa12d00b61e*
`登陆天数: 8天 / 196天
等级: 128
石头: 12
呼符: 0
体力: 2980.19 / 137
友情点: 20 / 90665`
*連続ログイン1日目
※ログインが途切れるか、7日到達すると
1日目から再開されます*
`フレンドポイント X 2000
10月交換券(2022) X 1
`_2022-10-01 19:42:51_
--------
*edb9c6f01c171ea5ae134aa12d00b61e*
`登陆天数: 8天 / 186天
等级: 131
石头: 56
呼符: 2
体力: 3300.54 / 138
友情点: 20 / 297340`
*連続ログイン1日目
※ログインが途切れるか、7日到達すると
1日目から再開されます*
`フレンドポイント X 2000
10月交換券(2022) X 1
`_2022-10-01 19:42:59_
--------
