【登录信息】
*1249f0036feb486b136ed9b8047906ed*
`登陆天数: 159天 / 1073天
等级: 129
石头: 35
呼符: 2
体力: 1856.9366666666667 / 138
友情点: 550 / 809595`
*連続ログイン5日目
※ログインが途切れるか、7日到達すると
1日目から再開されます*
`叡智の業火 X 2
10月交換券(2022) X 1
`_2022-10-02 19:42:16_
--------
*edb9c6f01c171ea5ae134aa12d00b61e*
`登陆天数: 9天 / 197天
等级: 128
石头: 12
呼符: 0
体力: 3268.096666666667 / 137
友情点: 0 / 90665`
*連続ログイン2日目
※ログインが途切れるか、7日到達すると
1日目から再開されます*
`聖晶石 X 1
10月交換券(2022) X 1
`_2022-10-02 19:42:24_
--------
*edb9c6f01c171ea5ae134aa12d00b61e*
`登陆天数: 9天 / 187天
等级: 131
石头: 56
呼符: 2
体力: 3588.4466666666667 / 138
友情点: 10 / 297350`
*連続ログイン2日目
※ログインが途切れるか、7日到達すると
1日目から再開されます*
`聖晶石 X 1
10月交換券(2022) X 1
`_2022-10-02 19:42:32_
--------
