【登录信息】
*1249f0036feb486b136ed9b8047906ed*
`登陆天数: 160天 / 1074天
等级: 129
石头: 35
呼符: 2
体力: 2145.456666666667 / 138
友情点: 75 / 809670`
*連続ログイン6日目
※ログインが途切れるか、7日到達すると
1日目から再開されます*
`聖晶石 X 2
10月交換券(2022) X 1
`_2022-10-03 19:44:51_
--------
*edb9c6f01c171ea5ae134aa12d00b61e*
`登陆天数: 10天 / 198天
等级: 128
石头: 12
呼符: 0
体力: 3556.616666666667 / 137
友情点: 0 / 90665`
*連続ログイン3日目
※ログインが途切れるか、7日到達すると
1日目から再開されます*
`叡智の業火 X 1
10月交換券(2022) X 1
`_2022-10-03 19:45:00_
--------
*edb9c6f01c171ea5ae134aa12d00b61e*
`登陆天数: 10天 / 188天
等级: 131
石头: 56
呼符: 2
体力: 3876.97 / 138
友情点: 0 / 297350`
*連続ログイン3日目
※ログインが途切れるか、7日到達すると
1日目から再開されます*
`叡智の業火 X 1
10月交換券(2022) X 1
`_2022-10-03 19:45:08_
--------
