【登录信息】
*1249f0036feb486b136ed9b8047906ed*
`登陆天数: 161天 / 1075天
等级: 129
石头: 35
呼符: 2
体力: 2433.4266666666667 / 138
友情点: 0 / 809670`
*連続ログイン7日間到達おめでとうございます！
明日は1日目からリスタートされます。*
`獣の足跡 X 1
呼符 X 1
10月交換券(2022) X 1
`_2022-10-04 19:44:42_
--------
*edb9c6f01c171ea5ae134aa12d00b61e*
`登陆天数: 11天 / 199天
等级: 128
石头: 12
呼符: 0
体力: 3844.5866666666666 / 137
友情点: 0 / 90665`
*連続ログイン4日目
※ログインが途切れるか、7日到達すると
1日目から再開されます*
`聖晶石 X 1
10月交換券(2022) X 1
`_2022-10-04 19:44:50_
--------
*edb9c6f01c171ea5ae134aa12d00b61e*
`登陆天数: 11天 / 189天
等级: 131
石头: 56
呼符: 2
体力: 4164.9366666666665 / 138
友情点: 0 / 297350`
*連続ログイン4日目
※ログインが途切れるか、7日到達すると
1日目から再開されます*
`聖晶石 X 1
10月交換券(2022) X 1
`_2022-10-04 19:44:58_
--------
