【登录信息】
*1249f0036feb486b136ed9b8047906ed*
`登陆天数: 162天 / 1076天
等级: 129
石头: 35
呼符: 2
体力: 2722.1833333333334 / 138
友情点: 60 / 809730`
*連続ログイン1日目
※ログインが途切れるか、7日到達すると
1日目から再開されます*
`フレンドポイント X 2000
10月交換券(2022) X 1
`*Road to 7 [Lostbelt No.5 オリュンポス]開催！*
*Road to 7 [Lostbelt No.5 オリュンポス]開催！*
``_2022-10-05 19:48:29_
--------
*edb9c6f01c171ea5ae134aa12d00b61e*
`登陆天数: 12天 / 200天
等级: 128
石头: 12
呼符: 0
体力: 4133.343333333333 / 137
友情点: 10 / 90675`
*連続ログイン5日目
※ログインが途切れるか、7日到達すると
1日目から再開されます*
`叡智の業火 X 2
10月交換券(2022) X 1
`*Road to 7 [Lostbelt No.5 オリュンポス]開催！*
*Road to 7 [Lostbelt No.5 オリュンポス]開催！*
``_2022-10-05 19:48:38_
--------
*edb9c6f01c171ea5ae134aa12d00b61e*
`登陆天数: 12天 / 190天
等级: 131
石头: 56
呼符: 2
体力: 4453.693333333334 / 138
友情点: 0 / 297350`
*連続ログイン5日目
※ログインが途切れるか、7日到達すると
1日目から再開されます*
`叡智の業火 X 2
10月交換券(2022) X 1
`*Road to 7 [Lostbelt No.5 オリュンポス]開催！*
*Road to 7 [Lostbelt No.5 オリュンポス]開催！*
``_2022-10-05 19:48:46_
--------
