【登录信息】
*1249f0036feb486b136ed9b8047906ed*
`登陆天数: 163天 / 1077天
等级: 129
石头: 46
呼符: 9
体力: 111.82 / 138
友情点: 0 / 813730`
*連続ログイン2日目
※ログインが途切れるか、7日到達すると
1日目から再開されます*
`聖晶石 X 1
10月交換券(2022) X 1
`_2022-10-06 19:45:37_
--------
*edb9c6f01c171ea5ae134aa12d00b61e*
`登陆天数: 13天 / 201天
等级: 128
石头: 12
呼符: 0
体力: 4420.77 / 137
友情点: 0 / 90675`
*連続ログイン6日目
※ログインが途切れるか、7日到達すると
1日目から再開されます*
`聖晶石 X 2
10月交換券(2022) X 1
`_2022-10-06 19:45:46_
--------
*edb9c6f01c171ea5ae134aa12d00b61e*
`登陆天数: 13天 / 191天
等级: 131
石头: 56
呼符: 2
体力: 4741.123333333333 / 138
友情点: 0 / 297350`
*連続ログイン6日目
※ログインが途切れるか、7日到達すると
1日目から再開されます*
`聖晶石 X 2
10月交換券(2022) X 1
`_2022-10-06 19:45:54_
--------
