【登录信息】
*1249f0036feb486b136ed9b8047906ed*
`登陆天数: 164天 / 1078天
等级: 129
石头: 46
呼符: 9
体力: 399.54 / 138
友情点: 0 / 813730`
*連続ログイン3日目
※ログインが途切れるか、7日到達すると
1日目から再開されます*
`叡智の業火 X 1
10月交換券(2022) X 1
`*FGO カルデア・ラジオ局 300回放送記念 初回ログインボーナス*
*開催期間中、初回ログインボーナスをプレゼント！*
`聖晶石 X 10
`_2022-10-07 19:44:13_
--------
*edb9c6f01c171ea5ae134aa12d00b61e*
`登陆天数: 14天 / 202天
等级: 128
石头: 12
呼符: 0
体力: 4708.49 / 137
友情点: 0 / 90675`
*連続ログイン7日間到達おめでとうございます！
明日は1日目からリスタートされます。*
`獣の足跡 X 1
呼符 X 1
10月交換券(2022) X 1
`*FGO カルデア・ラジオ局 300回放送記念 初回ログインボーナス*
*開催期間中、初回ログインボーナスをプレゼント！*
`聖晶石 X 10
`_2022-10-07 19:44:21_
--------
*edb9c6f01c171ea5ae134aa12d00b61e*
`登陆天数: 14天 / 192天
等级: 131
石头: 56
呼符: 2
体力: 5028.84 / 138
友情点: 0 / 297350`
*連続ログイン7日間到達おめでとうございます！
明日は1日目からリスタートされます。*
`獣の足跡 X 1
呼符 X 1
10月交換券(2022) X 1
`*FGO カルデア・ラジオ局 300回放送記念 初回ログインボーナス*
*開催期間中、初回ログインボーナスをプレゼント！*
`聖晶石 X 10
`_2022-10-07 19:44:30_
--------
