【登录信息】
*1249f0036feb486b136ed9b8047906ed*
`登陆天数: 165天 / 1079天
等级: 129
石头: 46
呼符: 9
体力: 687.1966666666667 / 138
友情点: 0 / 813730`
*連続ログイン4日目
※ログインが途切れるか、7日到達すると
1日目から再開されます*
`聖晶石 X 1
10月交換券(2022) X 1
`_2022-10-08 19:42:31_
--------
*edb9c6f01c171ea5ae134aa12d00b61e*
`登陆天数: 15天 / 203天
等级: 128
石头: 12
呼符: 0
体力: 4996.1466666666665 / 137
友情点: 0 / 90675`
*連続ログイン1日目
※ログインが途切れるか、7日到達すると
1日目から再開されます*
`フレンドポイント X 2000
10月交換券(2022) X 1
`_2022-10-08 19:42:39_
--------
*edb9c6f01c171ea5ae134aa12d00b61e*
`登陆天数: 15天 / 193天
等级: 131
石头: 56
呼符: 2
体力: 5316.496666666667 / 138
友情点: 0 / 297350`
*連続ログイン1日目
※ログインが途切れるか、7日到達すると
1日目から再開されます*
`フレンドポイント X 2000
10月交換券(2022) X 1
`_2022-10-08 19:42:47_
--------
