【登录信息】
*1249f0036feb486b136ed9b8047906ed*
`登陆天数: 166天 / 1080天
等级: 129
石头: 46
呼符: 9
体力: 975.2233333333334 / 138
友情点: 0 / 813730`
*連続ログイン5日目
※ログインが途切れるか、7日到達すると
1日目から再開されます*
`叡智の業火 X 2
10月交換券(2022) X 1
`_2022-10-09 19:42:38_
--------
*edb9c6f01c171ea5ae134aa12d00b61e*
`登陆天数: 16天 / 204天
等级: 128
石头: 12
呼符: 0
体力: 5284.173333333333 / 137
友情点: 0 / 90675`
*連続ログイン2日目
※ログインが途切れるか、7日到達すると
1日目から再開されます*
`聖晶石 X 1
10月交換券(2022) X 1
`_2022-10-09 19:42:46_
--------
*edb9c6f01c171ea5ae134aa12d00b61e*
`登陆天数: 16天 / 194天
等级: 131
石头: 56
呼符: 2
体力: 5604.5233333333335 / 138
友情点: 0 / 297350`
*連続ログイン2日目
※ログインが途切れるか、7日到達すると
1日目から再開されます*
`聖晶石 X 1
10月交換券(2022) X 1
`_2022-10-09 19:42:55_
--------
