【登录信息】
*1249f0036feb486b136ed9b8047906ed*
`登陆天数: 168天 / 1082天
等级: 129
石头: 46
呼符: 9
体力: 1551.7166666666667 / 138
友情点: 0 / 813730`
*連続ログイン7日間到達おめでとうございます！
明日は1日目からリスタートされます。*
`獣の足跡 X 1
呼符 X 1
10月交換券(2022) X 1
`_2022-10-11 19:45:06_
--------
*edb9c6f01c171ea5ae134aa12d00b61e*
`登陆天数: 18天 / 206天
等级: 128
石头: 12
呼符: 0
体力: 5860.666666666667 / 137
友情点: 0 / 90675`
*連続ログイン4日目
※ログインが途切れるか、7日到達すると
1日目から再開されます*
`聖晶石 X 1
10月交換券(2022) X 1
`_2022-10-11 19:45:15_
--------
*edb9c6f01c171ea5ae134aa12d00b61e*
`登陆天数: 18天 / 196天
等级: 131
石头: 56
呼符: 2
体力: 6181.02 / 138
友情点: 10 / 297360`
*連続ログイン4日目
※ログインが途切れるか、7日到達すると
1日目から再開されます*
`聖晶石 X 1
10月交換券(2022) X 1
`_2022-10-11 19:45:23_
--------
