【登录信息】
*1249f0036feb486b136ed9b8047906ed*
`登陆天数: 169天 / 1083天
等级: 129
石头: 46
呼符: 9
体力: 1839.8733333333332 / 138
友情点: 0 / 813730`
*連続ログイン1日目
※ログインが途切れるか、7日到達すると
1日目から再開されます*
`フレンドポイント X 2000
10月交換券(2022) X 1
`*FGO カルデア放送局 ライト版 ～108人のハロウィン・リベリオン！～ 放送記念 初回ログインボーナス*
*開催期間中、初回ログインで「聖晶石×14」をプレゼント！*
`聖晶石 X 14
`_2022-10-12 19:45:54_
--------
*edb9c6f01c171ea5ae134aa12d00b61e*
`登陆天数: 19天 / 207天
等级: 128
石头: 12
呼符: 0
体力: 6148.823333333334 / 137
友情点: 0 / 90675`
*連続ログイン5日目
※ログインが途切れるか、7日到達すると
1日目から再開されます*
`叡智の業火 X 2
10月交換券(2022) X 1
`*FGO カルデア放送局 ライト版 ～108人のハロウィン・リベリオン！～ 放送記念 初回ログインボーナス*
*開催期間中、初回ログインで「聖晶石×14」をプレゼント！*
`聖晶石 X 14
`_2022-10-12 19:46:02_
--------
*edb9c6f01c171ea5ae134aa12d00b61e*
`登陆天数: 19天 / 197天
等级: 131
石头: 56
呼符: 2
体力: 6469.173333333333 / 138
友情点: 0 / 297360`
*連続ログイン5日目
※ログインが途切れるか、7日到達すると
1日目から再開されます*
`叡智の業火 X 2
10月交換券(2022) X 1
`*FGO カルデア放送局 ライト版 ～108人のハロウィン・リベリオン！～ 放送記念 初回ログインボーナス*
*開催期間中、初回ログインで「聖晶石×14」をプレゼント！*
`聖晶石 X 14
`_2022-10-12 19:46:10_
--------
