【登录信息】
*1249f0036feb486b136ed9b8047906ed*
`登陆天数: 173天 / 1087天
等级: 129
石头: 0
呼符: 0
体力: 374.07 / 138
友情点: 0 / 815780`
*連続ログイン5日目
※ログインが途切れるか、7日到達すると
1日目から再開されます*
`叡智の業火 X 2
10月交換券(2022) X 1
`*「FGO キャスト＆スタッフトーク in マチ★アソビvol.25」
開催記念 初回ログインボーナス*
*開催期間中、初回ログインで「聖晶石×10」をプレゼント！*
`聖晶石 X 10
`_2022-10-16 19:42:51_
--------
*edb9c6f01c171ea5ae134aa12d00b61e*
`登陆天数: 23天 / 211天
等级: 128
石头: 12
呼符: 0
体力: 7300.213333333333 / 137
友情点: 0 / 90685`
*連続ログイン2日目
※ログインが途切れるか、7日到達すると
1日目から再開されます*
`聖晶石 X 1
10月交換券(2022) X 1
`*「FGO キャスト＆スタッフトーク in マチ★アソビvol.25」
開催記念 初回ログインボーナス*
*開催期間中、初回ログインで「聖晶石×10」をプレゼント！*
`聖晶石 X 10
`_2022-10-16 19:42:59_
--------
