【登录信息】
*1249f0036feb486b136ed9b8047906ed*
`登陆天数: 184天 / 1098天
等级: 129
石头: 0
呼符: 0
体力: 3541.596666666667 / 138
友情点: 0 / 815980`
*連続ログイン2日目
※ログインが途切れるか、7日到達すると
1日目から再開されます*
`聖晶石 X 1
10月交換券(2022) X 1
`*特異点修復応援キャンペーン 特別回数ログインボーナス*
*開催期間中、1日1回 最大7回 ログインボーナスをプレゼント！*
`聖晶石 X 1
`_2022-10-27 19:40:28_
--------
*edb9c6f01c171ea5ae134aa12d00b61e*
`登陆天数: 34天 / 222天
等级: 128
石头: 12
呼符: 0
体力: 10467.74 / 137
友情点: 0 / 90685`
*連続ログイン6日目
※ログインが途切れるか、7日到達すると
1日目から再開されます*
`聖晶石 X 2
10月交換券(2022) X 1
`*特異点修復応援キャンペーン 特別回数ログインボーナス*
*開催期間中、1日1回 最大7回 ログインボーナスをプレゼント！*
`聖晶石 X 1
`_2022-10-27 19:40:37_
--------
