【登录信息】
*1249f0036feb486b136ed9b8047906ed*
`登陆天数: 185天 / 1099天
等级: 129
石头: 0
呼符: 0
体力: 3829.4933333333333 / 138
友情点: 0 / 815980`
*連続ログイン3日目
※ログインが途切れるか、7日到達すると
1日目から再開されます*
`叡智の業火 X 1
10月交換券(2022) X 1
`*特異点修復応援キャンペーン 特別回数ログインボーナス*
*開催期間中、1日1回 最大7回 ログインボーナスをプレゼント！*
`叡智の業火 X 5
`_2022-10-28 19:39:57_
--------
*edb9c6f01c171ea5ae134aa12d00b61e*
`登陆天数: 35天 / 223天
等级: 128
石头: 12
呼符: 0
体力: 10755.636666666667 / 137
友情点: 0 / 90685`
*連続ログイン7日間到達おめでとうございます！
明日は1日目からリスタートされます。*
`獣の足跡 X 1
呼符 X 1
10月交換券(2022) X 1
`*特異点修復応援キャンペーン 特別回数ログインボーナス*
*開催期間中、1日1回 最大7回 ログインボーナスをプレゼント！*
`叡智の業火 X 5
`_2022-10-28 19:40:05_
--------
