【登录信息】
*1249f0036feb486b136ed9b8047906ed*
`登陆天数: 186天 / 1100天
等级: 129
石头: 0
呼符: 0
体力: 4117.389999999999 / 138
友情点: 10 / 815990`
*連続ログイン4日目
※ログインが途切れるか、7日到達すると
1日目から再開されます*
`聖晶石 X 1
10月交換券(2022) X 1
`*特異点修復応援キャンペーン 特別回数ログインボーナス*
*開催期間中、1日1回 最大7回 ログインボーナスをプレゼント！*
`フレンドポイント X 2000
`_2022-10-29 19:39:27_
--------
*edb9c6f01c171ea5ae134aa12d00b61e*
`登陆天数: 36天 / 224天
等级: 128
石头: 12
呼符: 0
体力: 11043.536666666667 / 137
友情点: 0 / 90685`
*連続ログイン1日目
※ログインが途切れるか、7日到達すると
1日目から再開されます*
`フレンドポイント X 2000
10月交換券(2022) X 1
`*特異点修復応援キャンペーン 特別回数ログインボーナス*
*開催期間中、1日1回 最大7回 ログインボーナスをプレゼント！*
`フレンドポイント X 2000
`_2022-10-29 19:39:35_
--------
