【登录信息】
*1249f0036feb486b136ed9b8047906ed*
`登陆天数: 249天 / 1163天
等级: 129
石头: 0
呼符: 0
体力: 22261.126666666667 / 138
友情点: 0 / 816235`
*連続ログイン4日目
※ログインが途切れるか、7日到達すると
1日目から再開されます*
`聖晶石 X 1
1月交換券(2023) X 1
`*2023年お正月キャンペーン　三が日限定ログインボーナス*
*開催期間中、三が日限定のログインボーナスをプレゼント！*
`伝承結晶 X 1
`_2022-12-31 19:38:07_
--------
*edb9c6f01c171ea5ae134aa12d00b61e*
`登陆天数: 99天 / 287天
等级: 128
石头: 28
呼符: 16
体力: 5099.8533333333335 / 137
友情点: 0 / 119410`
*連続ログイン1日目
※ログインが途切れるか、7日到達すると
1日目から再開されます*
`フレンドポイント X 2000
1月交換券(2023) X 1
`*2023年お正月キャンペーン　三が日限定ログインボーナス*
*開催期間中、三が日限定のログインボーナスをプレゼント！*
`伝承結晶 X 1
`_2022-12-31 19:38:16_
--------
