【登录信息】
*1249f0036feb486b136ed9b8047906ed*
`登陆天数: 250天 / 1164天
等级: 129
石头: 0
呼符: 0
体力: 22549.096666666668 / 138
友情点: 0 / 816235`
*連続ログイン5日目
※ログインが途切れるか、7日到達すると
1日目から再開されます*
`叡智の業火 X 2
1月交換券(2023) X 1
`*2023年お正月キャンペーン　三が日限定ログインボーナス*
*開催期間中、三が日限定のログインボーナスをプレゼント！*
`叡智の業火 X 50
`_2023-01-01 19:37:58_
--------
*edb9c6f01c171ea5ae134aa12d00b61e*
`登陆天数: 100天 / 288天
等级: 128
石头: 28
呼符: 16
体力: 5387.823333333334 / 137
友情点: 0 / 119410`
*連続ログイン2日目
※ログインが途切れるか、7日到達すると
1日目から再開されます*
`聖晶石 X 1
1月交換券(2023) X 1
`*2023年お正月キャンペーン　三が日限定ログインボーナス*
*開催期間中、三が日限定のログインボーナスをプレゼント！*
`叡智の業火 X 50
`_2023-01-01 19:38:06_
--------
