【登录信息】
*1249f0036feb486b136ed9b8047906ed*
`登陆天数: 251天 / 1165天
等级: 129
石头: 45
呼符: 12
体力: 117.11333333333333 / 138
友情点: 0 / 912260`
*連続ログイン6日目
※ログインが途切れるか、7日到達すると
1日目から再開されます*
`聖晶石 X 2
1月交換券(2023) X 1
`*2023年お正月キャンペーン　三が日限定ログインボーナス*
*開催期間中、三が日限定のログインボーナスをプレゼント！*
`聖杯 X 1
`_2023-01-02 19:04:03_
--------
*edb9c6f01c171ea5ae134aa12d00b61e*
`登陆天数: 101天 / 289天
等级: 128
石头: 100
呼符: 20
体力: 114.82333333333334 / 137
友情点: 0 / 195435`
*連続ログイン3日目
※ログインが途切れるか、7日到達すると
1日目から再開されます*
`叡智の業火 X 1
1月交換券(2023) X 1
`*2023年お正月キャンペーン　三が日限定ログインボーナス*
*開催期間中、三が日限定のログインボーナスをプレゼント！*
`聖杯 X 1
`_2023-01-02 19:04:11_
--------
