【登录信息】
*1249f0036feb486b136ed9b8047906ed*
`登陆天数: 252天 / 1166天
等级: 129
石头: 45
呼符: 12
体力: 411.92333333333335 / 138
友情点: 0 / 912260`
*連続ログイン7日間到達おめでとうございます！
明日は1日目からリスタートされます。*
`獣の足跡 X 1
呼符 X 1
1月交換券(2023) X 1
`*2023年お正月キャンペーン 10万リツイート達成プレゼント*
*開催期間中、初回ログインでお正月限定概念礼装&2023万QPをプレゼント！*
`ラヴ・イット X 1
QP X 20230000
`_2023-01-03 19:38:07_
--------
*edb9c6f01c171ea5ae134aa12d00b61e*
`登陆天数: 102天 / 290天
等级: 128
石头: 100
呼符: 20
体力: 409.6333333333333 / 137
友情点: 0 / 195435`
*連続ログイン4日目
※ログインが途切れるか、7日到達すると
1日目から再開されます*
`聖晶石 X 1
1月交換券(2023) X 1
`*2023年お正月キャンペーン 10万リツイート達成プレゼント*
*開催期間中、初回ログインでお正月限定概念礼装&2023万QPをプレゼント！*
`ラヴ・イット X 1
QP X 20230000
`_2023-01-03 19:38:15_
--------
