【登录信息】
*1249f0036feb486b136ed9b8047906ed*
`登陆天数: 4天 / 1175天
等级: 129
石头: 45
呼符: 12
体力: 3291.8966666666665 / 138
友情点: 0 / 912260`
*連続ログイン4日目
※ログインが途切れるか、7日到達すると
1日目から再開されます*
`聖晶石 X 1
1月交換券(2023) X 1
`*「Lostbelt No.7 黄金樹海紀行 ナウイ・ミクトラン 惑星を統べるもの」(後編)開幕直前連続ログインボーナス*
*開催期間中、1日1回 最大7回 連続ログインボーナスをプレゼント！*
`黄金の果実 X 1
`_2023-01-13 19:37:58_
--------
*edb9c6f01c171ea5ae134aa12d00b61e*
`登陆天数: 4天 / 299天
等级: 128
石头: 100
呼符: 20
体力: 3289.6066666666666 / 137
友情点: 85 / 195730`
*連続ログイン4日目
※ログインが途切れるか、7日到達すると
1日目から再開されます*
`聖晶石 X 1
1月交換券(2023) X 1
`*「Lostbelt No.7 黄金樹海紀行 ナウイ・ミクトラン 惑星を統べるもの」(後編)開幕直前連続ログインボーナス*
*開催期間中、1日1回 最大7回 連続ログインボーナスをプレゼント！*
`黄金の果実 X 1
`_2023-01-13 19:38:06_
--------
