【登录信息】
*1249f0036feb486b136ed9b8047906ed*
`登陆天数: 5天 / 1176天
等级: 129
石头: 45
呼符: 12
体力: 3579.903333333333 / 138
友情点: 0 / 912260`
*連続ログイン5日目
※ログインが途切れるか、7日到達すると
1日目から再開されます*
`叡智の業火 X 2
1月交換券(2023) X 1
`*「Lostbelt No.7 黄金樹海紀行 ナウイ・ミクトラン 惑星を統べるもの」(後編)開幕直前連続ログインボーナス*
*開催期間中、1日1回 最大7回 連続ログインボーナスをプレゼント！*
`聖晶石 X 3
`_2023-01-14 19:38:00_
--------
*edb9c6f01c171ea5ae134aa12d00b61e*
`登陆天数: 5天 / 300天
等级: 128
石头: 100
呼符: 20
体力: 3577.6133333333332 / 137
友情点: 0 / 195730`
*連続ログイン5日目
※ログインが途切れるか、7日到達すると
1日目から再開されます*
`叡智の業火 X 2
1月交換券(2023) X 1
`*「Lostbelt No.7 黄金樹海紀行 ナウイ・ミクトラン 惑星を統べるもの」(後編)開幕直前連続ログインボーナス*
*開催期間中、1日1回 最大7回 連続ログインボーナスをプレゼント！*
`聖晶石 X 3
`_2023-01-14 19:38:09_
--------
