【登录信息】
*1249f0036feb486b136ed9b8047906ed*
`登陆天数: 7天 / 1178天
等级: 129
石头: 45
呼符: 12
体力: 4155.906666666667 / 138
友情点: 0 / 912260`
*連続ログイン7日間到達おめでとうございます！
明日は1日目からリスタートされます。*
`獣の足跡 X 1
呼符 X 1
1月交換券(2023) X 1
`*「Lostbelt No.7 黄金樹海紀行 ナウイ・ミクトラン 惑星を統べるもの」(後編)開幕直前連続ログインボーナス*
*開催期間中、1日1回 最大7回 連続ログインボーナスをプレゼント！*
`黄金の果実 X 3
`_2023-01-16 19:38:01_
--------
*edb9c6f01c171ea5ae134aa12d00b61e*
`登陆天数: 7天 / 302天
等级: 128
石头: 100
呼符: 20
体力: 4153.616666666667 / 137
友情点: 0 / 195730`
*連続ログイン7日間到達おめでとうございます！
明日は1日目からリスタートされます。*
`獣の足跡 X 1
呼符 X 1
1月交換券(2023) X 1
`*「Lostbelt No.7 黄金樹海紀行 ナウイ・ミクトラン 惑星を統べるもの」(後編)開幕直前連続ログインボーナス*
*開催期間中、1日1回 最大7回 連続ログインボーナスをプレゼント！*
`黄金の果実 X 3
`_2023-01-16 19:38:09_
--------
