【登录信息】
*1249f0036feb486b136ed9b8047906ed*
`登陆天数: 8天 / 1179天
等级: 129
石头: 45
呼符: 12
体力: 4443.93 / 138
友情点: 0 / 912260`
*連続ログイン1日目
※ログインが途切れるか、7日到達すると
1日目から再開されます*
`フレンドポイント X 2000
1月交換券(2023) X 1
`*「Lostbelt No.7 黄金樹海紀行 ナウイ・ミクトラン 惑星を統べるもの」(後編)開幕直前連続ログインボーナス*
*開催期間中、1日1回 最大7回 連続ログインボーナスをプレゼント！*
`聖晶石 X 4
`_2023-01-17 19:38:08_
--------
*edb9c6f01c171ea5ae134aa12d00b61e*
`登陆天数: 8天 / 303天
等级: 128
石头: 100
呼符: 20
体力: 4441.64 / 137
友情点: 0 / 195730`
*連続ログイン1日目
※ログインが途切れるか、7日到達すると
1日目から再開されます*
`フレンドポイント X 2000
1月交換券(2023) X 1
`*「Lostbelt No.7 黄金樹海紀行 ナウイ・ミクトラン 惑星を統べるもの」(後編)開幕直前連続ログインボーナス*
*開催期間中、1日1回 最大7回 連続ログインボーナスをプレゼント！*
`聖晶石 X 4
`_2023-01-17 19:38:16_
--------
