【登录信息】
*1249f0036feb486b136ed9b8047906ed*
`登陆天数: 219天 / 1133天
等级: 129
石头: 0
呼符: 0
体力: 13621.29 / 138
友情点: 0 / 816165`
*連続ログイン2日目
※ログインが途切れるか、7日到達すると
1日目から再開されます*
`聖晶石 X 1
12月交換券(2022) X 1
`*Road to 7 [Lostbelt No.6]開催！*
*Road to 7 [Lostbelt No.6]開催！*
``_2022-12-01 19:38:57_
--------
*edb9c6f01c171ea5ae134aa12d00b61e*
`登陆天数: 69天 / 257天
等级: 128
石头: 12
呼符: 0
体力: 20547.433333333334 / 137
友情点: 0 / 90990`
*連続ログイン6日目
※ログインが途切れるか、7日到達すると
1日目から再開されます*
`聖晶石 X 2
12月交換券(2022) X 1
`*Road to 7 [Lostbelt No.6]開催！*
*Road to 7 [Lostbelt No.6]開催！*
``_2022-12-01 19:39:05_
--------
