【登录信息】
*1249f0036feb486b136ed9b8047906ed*
`登陆天数: 229天 / 1143天
等级: 129
石头: 0
呼符: 0
体力: 16501.163333333334 / 138
友情点: 0 / 816165`
*連続ログイン5日目
※ログインが途切れるか、7日到達すると
1日目から再開されます*
`叡智の業火 X 2
12月交換券(2022) X 1
`*「MELTY BLOOD: TYPE LUMINA」牛若丸＆巌窟王参戦記念特別ログインボーナス*
*開催期間中、1日1回 最大3回 ログインボーナスをプレゼント！*
`心清き盾 X 1
星見のティーポット X 2
`_2022-12-11 19:38:18_
--------
*edb9c6f01c171ea5ae134aa12d00b61e*
`登陆天数: 79天 / 267天
等级: 128
石头: 12
呼符: 0
体力: 23427.306666666667 / 137
友情点: 0 / 91050`
*連続ログイン2日目
※ログインが途切れるか、7日到達すると
1日目から再開されます*
`聖晶石 X 1
12月交換券(2022) X 1
`*「MELTY BLOOD: TYPE LUMINA」牛若丸＆巌窟王参戦記念特別ログインボーナス*
*開催期間中、1日1回 最大3回 ログインボーナスをプレゼント！*
`心清き盾 X 1
星見のティーポット X 2
`_2022-12-11 19:38:26_
--------
