【登录信息】
*1249f0036feb486b136ed9b8047906ed*
`登陆天数: 230天 / 1144天
等级: 129
石头: 0
呼符: 0
体力: 16789.17 / 138
友情点: 10 / 816175`
*連続ログイン6日目
※ログインが途切れるか、7日到達すると
1日目から再開されます*
`聖晶石 X 2
12月交換券(2022) X 1
`*「MELTY BLOOD: TYPE LUMINA」牛若丸＆巌窟王参戦記念特別ログインボーナス*
*開催期間中、1日1回 最大3回 ログインボーナスをプレゼント！*
`永劫の復讐鬼 X 1
星見のティーポット X 2
`_2022-12-12 19:38:20_
--------
*edb9c6f01c171ea5ae134aa12d00b61e*
`登陆天数: 80天 / 268天
等级: 128
石头: 12
呼符: 0
体力: 23715.31333333333 / 137
友情点: 0 / 91050`
*連続ログイン3日目
※ログインが途切れるか、7日到達すると
1日目から再開されます*
`叡智の業火 X 1
12月交換券(2022) X 1
`*「MELTY BLOOD: TYPE LUMINA」牛若丸＆巌窟王参戦記念特別ログインボーナス*
*開催期間中、1日1回 最大3回 ログインボーナスをプレゼント！*
`永劫の復讐鬼 X 1
星見のティーポット X 2
`_2022-12-12 19:38:29_
--------
