【登录信息】
*1249f0036feb486b136ed9b8047906ed*
`登陆天数: 231天 / 1145天
等级: 129
石头: 0
呼符: 0
体力: 17077.103333333333 / 138
友情点: 0 / 816175`
*連続ログイン7日間到達おめでとうございます！
明日は1日目からリスタートされます。*
`獣の足跡 X 1
呼符 X 1
12月交換券(2022) X 1
`*「MELTY BLOOD: TYPE LUMINA」牛若丸＆巌窟王参戦記念特別ログインボーナス*
*開催期間中、1日1回 最大3回 ログインボーナスをプレゼント！*
`天衣無縫の武者 X 1
星見のティーポット X 2
`_2022-12-13 19:38:00_
--------
*edb9c6f01c171ea5ae134aa12d00b61e*
`登陆天数: 81天 / 269天
等级: 128
石头: 12
呼符: 0
体力: 24003.246666666666 / 137
友情点: 0 / 91050`
*連続ログイン4日目
※ログインが途切れるか、7日到達すると
1日目から再開されます*
`聖晶石 X 1
12月交換券(2022) X 1
`*「MELTY BLOOD: TYPE LUMINA」牛若丸＆巌窟王参戦記念特別ログインボーナス*
*開催期間中、1日1回 最大3回 ログインボーナスをプレゼント！*
`天衣無縫の武者 X 1
星見のティーポット X 2
`_2022-12-13 19:38:08_
--------
