【登录信息】
*1249f0036feb486b136ed9b8047906ed*
`登陆天数: 232天 / 1146天
等级: 129
石头: 0
呼符: 0
体力: 17365.126666666667 / 138
友情点: 0 / 816175`
*連続ログイン1日目
※ログインが途切れるか、7日到達すると
1日目から再開されます*
`フレンドポイント X 2000
12月交換券(2022) X 1
`*TVアニメ「Fate/EXTRA Last Encore」Blu-ray Disc Box Standard Edition & Original Soundtrackリリース記念 特別ログインボーナス*
*開催期間中、初回ログインで「限定概念礼装×2」をプレゼント！*
`輝かしき薔薇の花束 X 1
月の断片 X 1
`_2022-12-14 19:38:07_
--------
*edb9c6f01c171ea5ae134aa12d00b61e*
`登陆天数: 82天 / 270天
等级: 128
石头: 28
呼符: 16
体力: 203.85333333333335 / 137
友情点: 0 / 119050`
*連続ログイン5日目
※ログインが途切れるか、7日到達すると
1日目から再開されます*
`叡智の業火 X 2
12月交換券(2022) X 1
`*TVアニメ「Fate/EXTRA Last Encore」Blu-ray Disc Box Standard Edition & Original Soundtrackリリース記念 特別ログインボーナス*
*開催期間中、初回ログインで「限定概念礼装×2」をプレゼント！*
`輝かしき薔薇の花束 X 1
月の断片 X 1
`_2022-12-14 19:38:15_
--------
