【登录信息】
*1249f0036feb486b136ed9b8047906ed*
`登陆天数: 234天 / 1148天
等级: 129
石头: 0
呼符: 0
体力: 17941.136666666665 / 138
友情点: 0 / 816175`
*連続ログイン3日目
※ログインが途切れるか、7日到達すると
1日目から再開されます*
`叡智の業火 X 1
12月交換券(2022) X 1
`*「Lostbelt No.7」開幕前メインクエストクリア応援特別ログインボーナス*
*開催期間中、1日1回 最大7回 ログインボーナスをプレゼント！*
`聖晶石 X 1
`_2022-12-16 19:38:10_
--------
*edb9c6f01c171ea5ae134aa12d00b61e*
`登陆天数: 84天 / 272天
等级: 128
石头: 28
呼符: 16
体力: 779.8633333333333 / 137
友情点: 0 / 119390`
*連続ログイン7日間到達おめでとうございます！
明日は1日目からリスタートされます。*
`獣の足跡 X 1
呼符 X 1
12月交換券(2022) X 1
`*「Lostbelt No.7」開幕前メインクエストクリア応援特別ログインボーナス*
*開催期間中、1日1回 最大7回 ログインボーナスをプレゼント！*
`聖晶石 X 1
`_2022-12-16 19:38:18_
--------
