【登录信息】
*1249f0036feb486b136ed9b8047906ed*
`登陆天数: 235天 / 1149天
等级: 129
石头: 0
呼符: 0
体力: 18229.083333333332 / 138
友情点: 10 / 816185`
*連続ログイン4日目
※ログインが途切れるか、7日到達すると
1日目から再開されます*
`聖晶石 X 1
12月交換券(2022) X 1
`*「Lostbelt No.7」開幕前メインクエストクリア応援特別ログインボーナス*
*開催期間中、1日1回 最大7回 ログインボーナスをプレゼント！*
`聖晶石 X 2
`_2022-12-17 19:37:54_
--------
*edb9c6f01c171ea5ae134aa12d00b61e*
`登陆天数: 85天 / 273天
等级: 128
石头: 28
呼符: 16
体力: 1067.81 / 137
友情点: 0 / 119390`
*連続ログイン1日目
※ログインが途切れるか、7日到達すると
1日目から再開されます*
`フレンドポイント X 2000
12月交換券(2022) X 1
`*「Lostbelt No.7」開幕前メインクエストクリア応援特別ログインボーナス*
*開催期間中、1日1回 最大7回 ログインボーナスをプレゼント！*
`聖晶石 X 2
`_2022-12-17 19:38:02_
--------
