【登录信息】
*1249f0036feb486b136ed9b8047906ed*
`登陆天数: 236天 / 1150天
等级: 129
石头: 0
呼符: 0
体力: 18517.113333333335 / 138
友情点: 0 / 816185`
*連続ログイン5日目
※ログインが途切れるか、7日到達すると
1日目から再開されます*
`叡智の業火 X 2
12月交換券(2022) X 1
`*リリース2700日突破キャンペーン 初回ログインボーナス*
*開催期間中、初回ログインで「聖晶石×10」をプレゼント！*
`聖晶石 X 10
`_2022-12-18 19:38:03_
--------
*edb9c6f01c171ea5ae134aa12d00b61e*
`登陆天数: 86天 / 274天
等级: 128
石头: 28
呼符: 16
体力: 1355.84 / 137
友情点: 0 / 119390`
*連続ログイン2日目
※ログインが途切れるか、7日到達すると
1日目から再開されます*
`聖晶石 X 1
12月交換券(2022) X 1
`*リリース2700日突破キャンペーン 初回ログインボーナス*
*開催期間中、初回ログインで「聖晶石×10」をプレゼント！*
`聖晶石 X 10
`_2022-12-18 19:38:11_
--------
