【登录信息】
*1249f0036feb486b136ed9b8047906ed*
`登陆天数: 237天 / 1151天
等级: 129
石头: 0
呼符: 0
体力: 18805.1 / 138
友情点: 0 / 816185`
*連続ログイン6日目
※ログインが途切れるか、7日到達すると
1日目から再開されます*
`聖晶石 X 2
12月交換券(2022) X 1
`*「Lostbelt No.7」開幕直前
カウントダウンログインボーナス*
*開催期間中、1日1回 6日間日替りでログインボーナスをプレゼント！*
`叡智の業火 X 7
`_2022-12-19 19:37:59_
--------
*edb9c6f01c171ea5ae134aa12d00b61e*
`登陆天数: 87天 / 275天
等级: 128
石头: 28
呼符: 16
体力: 1643.8266666666666 / 137
友情点: 0 / 119390`
*連続ログイン3日目
※ログインが途切れるか、7日到達すると
1日目から再開されます*
`叡智の業火 X 1
12月交換券(2022) X 1
`*「Lostbelt No.7」開幕直前
カウントダウンログインボーナス*
*開催期間中、1日1回 6日間日替りでログインボーナスをプレゼント！*
`叡智の業火 X 7
`_2022-12-19 19:38:07_
--------
