【登录信息】
*1249f0036feb486b136ed9b8047906ed*
`登陆天数: 238天 / 1152天
等级: 129
石头: 0
呼符: 0
体力: 19093.106666666667 / 138
友情点: 0 / 816185`
*連続ログイン7日間到達おめでとうございます！
明日は1日目からリスタートされます。*
`獣の足跡 X 1
呼符 X 1
12月交換券(2022) X 1
`*「Lostbelt No.7」開幕直前
カウントダウンログインボーナス*
*開催期間中、1日1回 6日間日替りでログインボーナスをプレゼント！*
`英霊結晶・星のフォウくん X 7
英霊結晶・太陽のフォウくん X 7
`_2022-12-20 19:38:01_
--------
*edb9c6f01c171ea5ae134aa12d00b61e*
`登陆天数: 88天 / 276天
等级: 128
石头: 28
呼符: 16
体力: 1931.8333333333333 / 137
友情点: 0 / 119390`
*連続ログイン4日目
※ログインが途切れるか、7日到達すると
1日目から再開されます*
`聖晶石 X 1
12月交換券(2022) X 1
`*「Lostbelt No.7」開幕直前
カウントダウンログインボーナス*
*開催期間中、1日1回 6日間日替りでログインボーナスをプレゼント！*
`英霊結晶・星のフォウくん X 7
英霊結晶・太陽のフォウくん X 7
`_2022-12-20 19:38:09_
--------
