【登录信息】
*1249f0036feb486b136ed9b8047906ed*
`登陆天数: 239天 / 1153天
等级: 129
石头: 0
呼符: 0
体力: 19381.11 / 138
友情点: 0 / 816185`
*連続ログイン1日目
※ログインが途切れるか、7日到達すると
1日目から再開されます*
`フレンドポイント X 2000
12月交換券(2022) X 1
`*「Lostbelt No.7」開幕直前
カウントダウンログインボーナス*
*開催期間中、1日1回 6日間日替りでログインボーナスをプレゼント！*
`マナプリズム X 70
`_2022-12-21 19:38:02_
--------
*edb9c6f01c171ea5ae134aa12d00b61e*
`登陆天数: 89天 / 277天
等级: 128
石头: 28
呼符: 16
体力: 2219.8366666666666 / 137
友情点: 0 / 119390`
*連続ログイン5日目
※ログインが途切れるか、7日到達すると
1日目から再開されます*
`叡智の業火 X 2
12月交換券(2022) X 1
`*「Lostbelt No.7」開幕直前
カウントダウンログインボーナス*
*開催期間中、1日1回 6日間日替りでログインボーナスをプレゼント！*
`マナプリズム X 70
`_2022-12-21 19:38:10_
--------
