【登录信息】
*1249f0036feb486b136ed9b8047906ed*
`登陆天数: 241天 / 1155天
等级: 129
石头: 0
呼符: 0
体力: 19957.14 / 138
友情点: 0 / 816235`
*連続ログイン3日目
※ログインが途切れるか、7日到達すると
1日目から再開されます*
`叡智の業火 X 1
12月交換券(2022) X 1
`*「FGO ウィンターパーティー 2022-2023」北海道会場開催直前 ログインボーナス*
*開催期間中、1日1回 最大3回 ログインボーナスをプレゼント！*
`黄金の果実 X 1
`_2022-12-23 19:38:11_
--------
*edb9c6f01c171ea5ae134aa12d00b61e*
`登陆天数: 91天 / 279天
等级: 128
石头: 28
呼符: 16
体力: 2795.866666666667 / 137
友情点: 0 / 119390`
*連続ログイン7日間到達おめでとうございます！
明日は1日目からリスタートされます。*
`獣の足跡 X 1
呼符 X 1
12月交換券(2022) X 1
`*「FGO ウィンターパーティー 2022-2023」北海道会場開催直前 ログインボーナス*
*開催期間中、1日1回 最大3回 ログインボーナスをプレゼント！*
`黄金の果実 X 1
`_2022-12-23 19:38:19_
--------
