【登录信息】
*1249f0036feb486b136ed9b8047906ed*
`登陆天数: 242天 / 1156天
等级: 129
石头: 0
呼符: 0
体力: 20245.096666666668 / 138
友情点: 0 / 816235`
*連続ログイン4日目
※ログインが途切れるか、7日到達すると
1日目から再開されます*
`聖晶石 X 1
12月交換券(2022) X 1
`*新所長からのクリスマスプレゼント*
*開催期間中、初回ログインで「聖晶石×10」をプレゼント！*
`聖晶石 X 10
`_2022-12-24 19:37:58_
--------
*edb9c6f01c171ea5ae134aa12d00b61e*
`登陆天数: 92天 / 280天
等级: 128
石头: 28
呼符: 16
体力: 3083.8233333333333 / 137
友情点: 0 / 119390`
*連続ログイン1日目
※ログインが途切れるか、7日到達すると
1日目から再開されます*
`フレンドポイント X 2000
12月交換券(2022) X 1
`*新所長からのクリスマスプレゼント*
*開催期間中、初回ログインで「聖晶石×10」をプレゼント！*
`聖晶石 X 10
`_2022-12-24 19:38:06_
--------
