【登录信息】
*1249f0036feb486b136ed9b8047906ed*
`登陆天数: 246天 / 1160天
等级: 129
石头: 0
呼符: 0
体力: 21397.096666666668 / 138
友情点: 0 / 816235`
*連続ログイン1日目
※ログインが途切れるか、7日到達すると
1日目から再開されます*
`フレンドポイント X 2000
12月交換券(2022) X 1
`*Fate Project 大晦日TVスペシャル2022 放送カウントダウンログインボーナス*
*開催期間中、1日1回 3日間日替りでログインボーナスをプレゼント！*
`黄金の果実 X 1
`_2022-12-28 19:37:59_
--------
*edb9c6f01c171ea5ae134aa12d00b61e*
`登陆天数: 96天 / 284天
等级: 128
石头: 28
呼符: 16
体力: 4235.823333333334 / 137
友情点: 10 / 119410`
*連続ログイン5日目
※ログインが途切れるか、7日到達すると
1日目から再開されます*
`叡智の業火 X 2
12月交換券(2022) X 1
`*Fate Project 大晦日TVスペシャル2022 放送カウントダウンログインボーナス*
*開催期間中、1日1回 3日間日替りでログインボーナスをプレゼント！*
`黄金の果実 X 1
`_2022-12-28 19:38:07_
--------
