【登录信息】
*1249f0036feb486b136ed9b8047906ed*
`登陆天数: 247天 / 1161天
等级: 129
石头: 0
呼符: 0
体力: 21685.123333333333 / 138
友情点: 0 / 816235`
*連続ログイン2日目
※ログインが途切れるか、7日到達すると
1日目から再開されます*
`聖晶石 X 1
12月交換券(2022) X 1
`*Fate Project 大晦日TVスペシャル2022 放送カウントダウンログインボーナス*
*開催期間中、1日1回 3日間日替りでログインボーナスをプレゼント！*
`黄金の果実 X 1
`_2022-12-29 19:38:07_
--------
*edb9c6f01c171ea5ae134aa12d00b61e*
`登陆天数: 97天 / 285天
等级: 128
石头: 28
呼符: 16
体力: 4523.85 / 137
友情点: 0 / 119410`
*連続ログイン6日目
※ログインが途切れるか、7日到達すると
1日目から再開されます*
`聖晶石 X 2
12月交換券(2022) X 1
`*Fate Project 大晦日TVスペシャル2022 放送カウントダウンログインボーナス*
*開催期間中、1日1回 3日間日替りでログインボーナスをプレゼント！*
`黄金の果実 X 1
`_2022-12-29 19:38:15_
--------
