【登录信息】
*1249f0036feb486b136ed9b8047906ed*
`登陆天数: 248天 / 1162天
等级: 129
石头: 0
呼符: 0
体力: 21973.163333333334 / 138
友情点: 0 / 816235`
*連続ログイン3日目
※ログインが途切れるか、7日到達すると
1日目から再開されます*
`叡智の業火 X 1
12月交換券(2022) X 1
`*Fate Project 大晦日TVスペシャル2022 放送カウントダウンログインボーナス*
*開催期間中、1日1回 3日間日替りでログインボーナスをプレゼント！*
`黄金の果実 X 1
呼符 X 1
`_2022-12-30 19:38:19_
--------
*edb9c6f01c171ea5ae134aa12d00b61e*
`登陆天数: 98天 / 286天
等级: 128
石头: 28
呼符: 16
体力: 4811.89 / 137
友情点: 0 / 119410`
*連続ログイン7日間到達おめでとうございます！
明日は1日目からリスタートされます。*
`獣の足跡 X 1
呼符 X 1
12月交換券(2022) X 1
`*Fate Project 大晦日TVスペシャル2022 放送カウントダウンログインボーナス*
*開催期間中、1日1回 3日間日替りでログインボーナスをプレゼント！*
`黄金の果実 X 1
呼符 X 1
`_2022-12-30 19:38:27_
--------
